2020-07-01 11:38:16 INFO  TC_LoginTest_001:14 - url is opened
2020-07-01 11:38:16 INFO  TC_LoginTest_001:18 - user id and password is provided
2020-07-01 11:38:19 INFO  TC_LoginTest_001:21 - submit button is clicked
2020-07-01 11:38:19 INFO  TC_LoginTest_001:25 - login test passed
2020-07-01 11:41:12 INFO  TC_LoginTest_001:14 - url is opened
2020-07-01 11:41:13 INFO  TC_LoginTest_001:18 - user id and password is provided
2020-07-01 11:41:16 INFO  TC_LoginTest_001:21 - submit button is clicked
2020-07-01 11:41:16 INFO  TC_LoginTest_001:25 - login test passed
2020-07-01 12:54:12 INFO  TC_LoginTest_001:14 - url is opened
2020-07-01 12:54:13 INFO  TC_LoginTest_001:18 - user id and password is provided
2020-07-01 12:54:17 INFO  TC_LoginTest_001:21 - submit button is clicked
2020-07-01 12:54:17 INFO  TC_LoginTest_001:25 - login test passed
2020-07-01 13:39:46 INFO  TC_LoginTest_001:44 - url is opened
2020-07-01 13:39:57 INFO  TC_LoginTest_001:18 - user id and password is provided
2020-07-01 13:39:57 INFO  TC_LoginTest_001:21 - submit button is clicked
2020-07-01 13:42:37 INFO  TC_LoginTest_001:44 - url is opened
2020-07-01 13:42:42 INFO  TC_LoginTest_001:18 - user id and password is provided
2020-07-01 13:42:42 INFO  TC_LoginTest_001:21 - submit button is clicked
2020-07-01 13:50:49 INFO  TC_LoginTest_001:44 - url is opened
2020-07-01 13:50:50 INFO  TC_LoginTest_001:18 - user id and password is provided
2020-07-01 13:51:02 INFO  TC_LoginTest_001:21 - submit button is clicked
2020-07-01 13:51:02 INFO  TC_LoginTest_001:25 - login test passed
2020-07-01 13:54:06 INFO  TC_LoginTest_001:49 - url is opened
2020-07-01 13:54:07 INFO  TC_LoginTest_001:18 - user id and password is provided
2020-07-01 13:54:07 INFO  TC_LoginTest_001:21 - submit button is clicked
2020-07-01 14:20:37 INFO  TC_LoginTest_001:49 - url is opened
2020-07-01 14:20:42 INFO  TC_LoginTest_001:18 - user id and password is provided
2020-07-01 14:20:45 INFO  TC_LoginTest_001:21 - submit button is clicked
2020-07-01 22:55:38 INFO  TC_LoginTest_001:49 - url is opened
2020-07-01 22:55:41 INFO  TC_LoginTest_001:18 - user id and password is provided
2020-07-01 22:55:55 INFO  TC_LoginTest_001:21 - submit button is clicked
2020-07-01 22:55:55 INFO  TC_LoginTest_001:25 - login test passed
2020-07-01 22:58:53 INFO  TC_LoginTest_001:49 - url is opened
2020-07-01 22:59:31 INFO  TC_LoginTest_001:18 - user id and password is provided
2020-07-01 22:59:37 INFO  TC_LoginTest_001:21 - submit button is clicked
2020-07-01 22:59:37 INFO  TC_LoginTest_001:25 - login test passed
2020-07-02 16:33:33 INFO  TC_LoginTest_001:49 - url is opened
2020-07-02 16:33:34 INFO  TC_LoginTest_001:18 - user id and password is provided
2020-07-02 16:33:38 INFO  TC_LoginTest_001:21 - submit button is clicked
2020-07-02 16:33:38 INFO  TC_LoginTest_001:25 - login test passed
2020-07-02 16:43:16 INFO  TC_LoginTest_001:49 - url is opened
2020-07-02 16:43:17 INFO  TC_LoginTest_001:18 - user id and password is provided
2020-07-02 16:43:19 INFO  TC_LoginTest_001:21 - submit button is clicked
2020-07-02 16:43:20 INFO  TC_LoginTest_001:25 - login test passed
2020-07-02 16:49:10 INFO  TC_LoginTest_001:49 - url is opened
2020-07-02 16:49:12 INFO  TC_LoginTest_001:18 - user id and password is provided
2020-07-02 16:49:16 INFO  TC_LoginTest_001:21 - submit button is clicked
2020-07-02 16:49:17 INFO  TC_LoginTest_001:25 - login test passed
2020-07-02 16:56:22 INFO  TC_LoginTest_001:49 - url is opened
2020-07-02 16:56:22 INFO  TC_LoginTest_001:18 - user id and password is provided
2020-07-02 16:56:25 INFO  TC_LoginTest_001:21 - submit button is clicked
2020-07-02 16:56:25 INFO  TC_LoginTest_001:25 - login test passed
2020-07-02 17:17:45 INFO  TC_LoginTest_001:49 - url is opened
2020-07-02 17:17:47 INFO  TC_LoginTest_001:18 - user id and password is provided
2020-07-02 17:17:51 INFO  TC_LoginTest_001:21 - submit button is clicked
2020-07-02 17:17:51 INFO  TC_LoginTest_001:25 - login test passed
2020-07-03 11:15:09 INFO  TC_LoginTest_001:49 - url is opened
2020-07-03 11:15:14 INFO  TC_LoginTest_001:18 - user id and password is provided
2020-07-03 11:15:19 INFO  TC_LoginTest_001:21 - submit button is clicked
2020-07-03 11:15:37 INFO  TC_LoginTest_001:25 - login test passed
2020-07-03 11:23:06 INFO  TC_LoginTest_001:49 - url is opened
2020-07-03 11:23:07 INFO  TC_LoginTest_001:18 - user id and password is provided
2020-07-03 11:23:13 INFO  TC_LoginTest_001:21 - submit button is clicked
2020-07-03 11:23:13 INFO  TC_LoginTest_001:25 - login test passed
2020-07-03 12:45:07 INFO  TC_LoginTest_001:49 - url is opened
2020-07-03 12:45:08 INFO  TC_LoginTest_001:18 - user id and password is provided
2020-07-03 12:45:11 INFO  TC_LoginTest_001:21 - submit button is clicked
2020-07-03 12:45:11 INFO  TC_LoginTest_001:25 - login test passed
2020-07-03 12:50:37 INFO  TC_LoginTest_001:49 - url is opened
2020-07-03 12:50:38 INFO  TC_LoginTest_001:18 - user id and password is provided
2020-07-03 12:50:41 INFO  TC_LoginTest_001:21 - submit button is clicked
2020-07-03 12:50:41 INFO  TC_LoginTest_001:25 - login test passed
2020-07-03 13:13:40 INFO  TC_LoginTest_001:49 - url is opened
2020-07-03 13:13:41 INFO  TC_LoginTest_001:18 - user id and password is provided
2020-07-03 13:13:43 INFO  TC_LoginTest_001:21 - submit button is clicked
2020-07-03 13:13:43 INFO  TC_LoginTest_001:25 - login test passed
2020-07-03 13:21:55 INFO  TC_LoginTest_001:49 - url is opened
2020-07-03 13:21:56 INFO  TC_LoginTest_001:18 - user id and password is provided
2020-07-03 13:21:58 INFO  TC_LoginTest_001:21 - submit button is clicked
2020-07-03 13:21:58 INFO  TC_LoginTest_001:25 - login test passed
2020-07-03 22:57:32 INFO  TC_LoginTest_001:49 - url is opened
2020-07-03 22:57:33 INFO  TC_LoginTest_001:20 - user id and password is provided
2020-07-03 22:57:36 INFO  TC_LoginTest_001:23 - submit button is clicked
2020-07-03 23:24:02 INFO  TC_LoginTest_001:49 - url is opened
2020-07-03 23:24:03 INFO  TC_LoginTest_001:20 - user id and password is provided
2020-07-03 23:24:06 INFO  TC_LoginTest_001:23 - submit button is clicked
2020-07-03 23:24:06 INFO  TC_LoginTest_001:27 - login test passed
2020-07-03 23:28:07 INFO  TC_LoginTest_001:49 - url is opened
2020-07-03 23:28:07 INFO  TC_LoginTest_001:20 - user id and password is provided
2020-07-03 23:28:09 INFO  TC_LoginTest_001:23 - submit button is clicked
2020-07-03 23:28:10 INFO  TC_LoginTest_001:27 - login test passed
2020-07-03 23:30:50 INFO  TC_LoginTest_001:49 - url is opened
2020-07-03 23:30:51 INFO  TC_LoginTest_001:20 - user id and password is provided
2020-07-03 23:30:53 INFO  TC_LoginTest_001:23 - submit button is clicked
2020-07-03 23:30:53 INFO  TC_LoginTest_001:27 - login test passed
2020-07-03 23:33:00 INFO  TC_LoginTest_001:49 - url is opened
2020-07-03 23:33:00 INFO  TC_LoginTest_001:20 - user id and password is provided
2020-07-03 23:33:03 INFO  TC_LoginTest_001:23 - submit button is clicked
2020-07-03 23:33:03 INFO  TC_LoginTest_001:27 - login test passed
2020-07-03 23:42:21 INFO  TC_LoginTest_001:49 - url is opened
2020-07-03 23:42:21 INFO  TC_LoginTest_001:20 - user id and password is provided
2020-07-03 23:42:24 INFO  TC_LoginTest_001:23 - submit button is clicked
2020-07-03 23:42:24 INFO  TC_LoginTest_001:27 - login test passed
2020-07-04 07:52:31 INFO  TC_LoginTest_001:49 - url is opened
2020-07-04 07:52:32 INFO  TC_LoginTest_001:20 - user id and password is provided
2020-07-04 07:52:35 INFO  TC_LoginTest_001:23 - submit button is clicked
2020-07-04 07:52:35 INFO  TC_LoginTest_001:27 - login test passed
2020-07-04 08:46:47 INFO  TC_LoginTest_001:49 - url is opened
2020-07-04 08:46:48 INFO  TC_LoginTest_001:20 - user id and password is provided
2020-07-04 08:46:51 INFO  TC_LoginTest_001:23 - submit button is clicked
2020-07-04 08:46:52 INFO  TC_LoginTest_001:27 - login test passed
2020-07-04 08:47:54 INFO  TC_LoginTest_001:49 - url is opened
2020-07-04 08:47:54 INFO  TC_LoginTest_001:20 - user id and password is provided
2020-07-04 08:47:54 INFO  TC_LoginTest_001:23 - submit button is clicked
2020-07-04 08:49:31 INFO  TC_LoginTest_001:49 - url is opened
2020-07-04 08:49:32 INFO  TC_LoginTest_001:20 - user id and password is provided
2020-07-04 08:49:34 INFO  TC_LoginTest_001:23 - submit button is clicked
2020-07-04 08:49:34 INFO  TC_LoginTest_001:27 - login test passed
2020-07-04 11:05:59 INFO  TC_LoginTest_001:49 - url is opened
2020-07-04 11:05:59 INFO  TC_LoginTest_001:20 - user id and password is provided
2020-07-04 11:06:02 INFO  TC_LoginTest_001:23 - submit button is clicked
2020-07-04 11:06:02 INFO  TC_LoginTest_001:27 - login test passed
2020-07-04 11:08:45 INFO  TC_LoginTest_001:49 - url is opened
2020-07-04 11:08:45 INFO  TC_LoginTest_001:20 - user id and password is provided
2020-07-04 11:08:49 INFO  TC_LoginTest_001:23 - submit button is clicked
2020-07-04 11:08:49 INFO  TC_LoginTest_001:27 - login test passed
2020-07-04 11:17:01 INFO  TC_LoginTest_001:49 - url is opened
2020-07-04 11:17:03 INFO  TC_LoginTest_001:20 - user id and password is provided
2020-07-04 11:17:06 INFO  TC_LoginTest_001:23 - submit button is clicked
2020-07-04 11:17:06 INFO  TC_LoginTest_001:27 - login test passed
2020-07-04 11:45:59 INFO  TC_LoginTest_001:49 - url is opened
2020-07-04 11:46:03 INFO  TC_LoginTest_001:20 - user id and password is provided
2020-07-04 11:46:06 INFO  TC_LoginTest_001:23 - submit button is clicked
2020-07-04 11:46:06 INFO  TC_LoginTest_001:27 - login test passed
2020-07-04 11:49:05 INFO  TC_LoginTest_001:49 - url is opened
2020-07-04 11:49:06 INFO  TC_LoginTest_001:20 - user id and password is provided
2020-07-04 11:49:09 INFO  TC_LoginTest_001:23 - submit button is clicked
2020-07-04 11:49:09 INFO  TC_LoginTest_001:27 - login test passed
2020-07-04 11:50:58 INFO  TC_LoginTest_001:49 - url is opened
2020-07-04 11:50:58 INFO  TC_LoginTest_001:20 - user id and password is provided
2020-07-04 11:51:00 INFO  TC_LoginTest_001:23 - submit button is clicked
2020-07-04 11:51:00 INFO  TC_LoginTest_001:27 - login test passed
2020-07-04 13:12:45 INFO  TC_LoginTest_001:58 - url is opened
2020-07-04 13:19:46 INFO  TC_LoginTest_001:58 - url is opened
2020-07-04 13:20:17 INFO  TC_LoginTest_001:58 - url is opened
2020-07-04 13:20:19 INFO  TC_LoginTest_001:22 - user id and password is provided
2020-07-04 13:20:20 INFO  TC_LoginTest_001:25 - submit button is clicked
2020-07-04 13:23:28 INFO  TC_LoginTest_001:58 - url is opened
2020-07-04 13:23:30 INFO  TC_LoginTest_001:22 - user id and password is provided
2020-07-04 13:23:33 INFO  TC_LoginTest_001:25 - submit button is clicked
2020-07-05 09:14:59 INFO  TC_LoginTest_001:58 - url is opened
2020-07-05 09:21:05 INFO  TC_LoginTest_001:58 - url is opened
2020-07-05 09:24:34 INFO  TC_LoginTest_001:58 - url is opened
2020-07-05 09:26:45 INFO  TC_LoginTest_001:58 - url is opened
2020-07-05 09:26:46 INFO  TC_LoginTest_001:18 - user name provided
2020-07-05 09:26:46 INFO  TC_LoginTest_001:20 - password provided
2020-07-05 09:26:46 INFO  TC_LoginTest_001:22 - submit button clicked
2020-07-05 09:26:50 INFO  TC_LoginTest_001:33 - success
2020-07-05 09:26:51 INFO  TC_LoginTest_001:18 - user name provided
2020-07-05 09:27:07 INFO  TC_LoginTest_001:18 - user name provided
2020-07-05 09:27:22 INFO  TC_LoginTest_001:18 - user name provided
2020-07-05 09:30:41 INFO  TC_LoginTest_001:58 - url is opened
2020-07-05 09:30:44 INFO  TC_LoginTest_001:18 - user name provided
2020-07-05 09:30:44 INFO  TC_LoginTest_001:20 - password provided
2020-07-05 09:30:44 INFO  TC_LoginTest_001:22 - submit button clicked
2020-07-05 09:30:48 INFO  TC_LoginTest_001:33 - success
2020-07-05 09:31:04 INFO  TC_LoginTest_001:18 - user name provided
2020-07-05 09:31:19 INFO  TC_LoginTest_001:18 - user name provided
2020-07-05 09:31:34 INFO  TC_LoginTest_001:18 - user name provided
2020-07-05 09:38:06 INFO  TC_LoginTest_001:58 - url is opened
2020-07-05 09:38:10 INFO  TC_LoginTest_001:18 - ddt user name provided
2020-07-05 09:38:11 INFO  TC_LoginTest_001:20 - password provided
2020-07-05 09:38:11 INFO  TC_LoginTest_001:22 - submit button clicked
2020-07-05 09:38:15 INFO  TC_LoginTest_001:33 - success
2020-07-05 09:38:30 INFO  TC_LoginTest_001:18 - ddt user name provided
2020-07-05 09:38:45 INFO  TC_LoginTest_001:18 - ddt user name provided
2020-07-05 09:39:01 INFO  TC_LoginTest_001:18 - ddt user name provided
2020-07-05 09:47:32 INFO  TC_LoginDDT_002:58 - url is opened
2020-07-05 09:47:35 INFO  TC_LoginDDT_002:18 - ddt user name provided
2020-07-05 09:47:39 INFO  TC_LoginDDT_002:20 - password provided
2020-07-05 09:47:39 INFO  TC_LoginDDT_002:22 - submit button clicked
2020-07-05 09:47:41 INFO  TC_LoginDDT_002:33 - success
2020-07-05 09:47:56 INFO  TC_LoginDDT_002:18 - ddt user name provided
2020-07-05 09:48:11 INFO  TC_LoginDDT_002:18 - ddt user name provided
2020-07-05 09:48:26 INFO  TC_LoginDDT_002:18 - ddt user name provided
2020-07-05 11:56:46 INFO  TC_LoginDDT_002:58 - url is opened
2020-07-05 11:56:52 INFO  TC_LoginDDT_002:18 - ddt user name provided
2020-07-05 11:56:54 INFO  TC_LoginDDT_002:20 - password provided
2020-07-05 11:56:54 INFO  TC_LoginDDT_002:22 - submit button clicked
2020-07-05 11:56:59 INFO  TC_LoginDDT_002:33 - success
2020-07-05 11:57:19 INFO  TC_LoginDDT_002:18 - ddt user name provided
2020-07-05 11:57:34 INFO  TC_LoginDDT_002:18 - ddt user name provided
2020-07-05 11:57:49 INFO  TC_LoginDDT_002:18 - ddt user name provided
2020-07-05 12:45:28 INFO  TC_LoginDDT_002:58 - url is opened
2020-07-05 12:45:32 INFO  TC_LoginDDT_002:18 - ddt user name provided
2020-07-05 12:45:32 INFO  TC_LoginDDT_002:20 - password provided
2020-07-05 12:45:32 INFO  TC_LoginDDT_002:22 - submit button clicked
2020-07-05 12:45:41 INFO  TC_LoginDDT_002:34 - success
2020-07-05 12:45:57 INFO  TC_LoginDDT_002:18 - ddt user name provided
2020-07-05 12:46:12 INFO  TC_LoginDDT_002:18 - ddt user name provided
2020-07-05 12:46:27 INFO  TC_LoginDDT_002:18 - ddt user name provided
2020-07-05 12:52:46 INFO  TC_LoginDDT_002:58 - url is opened
2020-07-05 12:53:16 INFO  TC_LoginDDT_002:19 - ddt user name provided
2020-07-05 12:53:17 INFO  TC_LoginDDT_002:21 - password provided
2020-07-05 12:53:18 INFO  TC_LoginDDT_002:23 - submit button clicked
2020-07-05 12:53:29 INFO  TC_LoginDDT_002:35 - success
2020-07-05 12:53:59 INFO  TC_LoginDDT_002:19 - ddt user name provided
2020-07-05 12:54:14 INFO  TC_LoginDDT_002:19 - ddt user name provided
2020-07-05 12:54:29 INFO  TC_LoginDDT_002:19 - ddt user name provided
2020-07-05 12:56:13 INFO  TC_LoginDDT_002:58 - url is opened
2020-07-05 12:56:16 INFO  TC_LoginDDT_002:19 - ddt user name provided
2020-07-05 12:56:16 INFO  TC_LoginDDT_002:21 - password provided
2020-07-05 12:56:18 INFO  TC_LoginDDT_002:23 - submit button clicked
2020-07-05 12:56:21 INFO  TC_LoginDDT_002:35 - success
2020-07-05 12:56:55 INFO  TC_LoginDDT_002:19 - ddt user name provided
2020-07-05 12:57:10 INFO  TC_LoginDDT_002:19 - ddt user name provided
2020-07-05 12:57:25 INFO  TC_LoginDDT_002:19 - ddt user name provided
2020-07-05 12:59:32 INFO  TC_LoginDDT_002:58 - url is opened
2020-07-05 12:59:40 INFO  TC_LoginDDT_002:19 - ddt user name provided
2020-07-05 12:59:41 INFO  TC_LoginDDT_002:21 - password provided
2020-07-05 12:59:41 INFO  TC_LoginDDT_002:23 - submit button clicked
2020-07-05 12:59:42 INFO  TC_LoginDDT_002:35 - success
2020-07-05 13:00:16 INFO  TC_LoginDDT_002:19 - ddt user name provided
2020-07-05 13:00:31 INFO  TC_LoginDDT_002:19 - ddt user name provided
2020-07-05 13:00:46 INFO  TC_LoginDDT_002:19 - ddt user name provided
2020-07-05 13:05:34 INFO  TC_LoginDDT_002:58 - url is opened
2020-07-05 13:05:40 INFO  TC_LoginDDT_002:19 - ddt user name provided
2020-07-05 13:05:42 INFO  TC_LoginDDT_002:21 - password provided
2020-07-05 13:05:43 INFO  TC_LoginDDT_002:23 - submit button clicked
2020-07-05 13:05:52 INFO  TC_LoginDDT_002:35 - success
2020-07-05 13:06:26 INFO  TC_LoginDDT_002:19 - ddt user name provided
2020-07-05 13:06:41 INFO  TC_LoginDDT_002:19 - ddt user name provided
2020-07-05 13:06:56 INFO  TC_LoginDDT_002:19 - ddt user name provided
2020-07-05 13:11:19 INFO  TC_LoginDDT_002:58 - url is opened
2020-07-05 13:11:23 INFO  TC_LoginDDT_002:19 - ddt user name provided
2020-07-05 13:11:24 INFO  TC_LoginDDT_002:21 - password provided
2020-07-05 13:11:24 INFO  TC_LoginDDT_002:23 - submit button clicked
2020-07-05 13:11:29 INFO  TC_LoginDDT_002:35 - success
2020-07-05 13:11:40 INFO  TC_LoginDDT_002:19 - ddt user name provided
2020-07-05 13:11:41 INFO  TC_LoginDDT_002:21 - password provided
2020-07-05 13:11:41 INFO  TC_LoginDDT_002:23 - submit button clicked
2020-07-05 13:11:42 WARN  TC_LoginDDT_002:28 - login failed
2020-07-05 13:11:45 INFO  TC_LoginDDT_002:19 - ddt user name provided
2020-07-05 13:11:45 INFO  TC_LoginDDT_002:21 - password provided
2020-07-05 13:11:45 INFO  TC_LoginDDT_002:23 - submit button clicked
2020-07-05 13:11:46 WARN  TC_LoginDDT_002:28 - login failed
2020-07-05 13:11:49 INFO  TC_LoginDDT_002:19 - ddt user name provided
2020-07-05 13:11:50 INFO  TC_LoginDDT_002:21 - password provided
2020-07-05 13:11:50 INFO  TC_LoginDDT_002:23 - submit button clicked
2020-07-05 13:11:50 WARN  TC_LoginDDT_002:28 - login failed
2020-07-05 13:13:56 INFO  TC_LoginDDT_002:58 - url is opened
2020-07-05 13:14:00 INFO  TC_LoginDDT_002:19 - ddt user name provided
2020-07-05 13:14:00 INFO  TC_LoginDDT_002:21 - password provided
2020-07-05 13:14:00 INFO  TC_LoginDDT_002:23 - submit button clicked
2020-07-05 13:14:02 INFO  TC_LoginDDT_002:35 - success
2020-07-05 13:14:15 INFO  TC_LoginDDT_002:19 - ddt user name provided
2020-07-05 13:14:15 INFO  TC_LoginDDT_002:21 - password provided
2020-07-05 13:14:15 INFO  TC_LoginDDT_002:23 - submit button clicked
2020-07-05 13:14:16 WARN  TC_LoginDDT_002:28 - login failed
2020-07-05 13:14:19 INFO  TC_LoginDDT_002:19 - ddt user name provided
2020-07-05 13:14:19 INFO  TC_LoginDDT_002:21 - password provided
2020-07-05 13:14:19 INFO  TC_LoginDDT_002:23 - submit button clicked
2020-07-05 13:14:20 WARN  TC_LoginDDT_002:28 - login failed
2020-07-05 13:14:23 INFO  TC_LoginDDT_002:19 - ddt user name provided
2020-07-05 13:14:23 INFO  TC_LoginDDT_002:21 - password provided
2020-07-05 13:14:23 INFO  TC_LoginDDT_002:23 - submit button clicked
2020-07-05 13:14:24 WARN  TC_LoginDDT_002:28 - login failed
2020-07-05 13:29:19 INFO  TC_LoginDDT_002:58 - url is opened
2020-07-05 13:29:19 INFO  TC_LoginDDT_002:19 - ddt user name provided
2020-07-05 13:29:20 INFO  TC_LoginDDT_002:21 - password provided
2020-07-05 13:29:20 INFO  TC_LoginDDT_002:23 - submit button clicked
2020-07-05 13:29:22 INFO  TC_LoginDDT_002:35 - success
2020-07-05 13:29:48 INFO  TC_LoginDDT_002:58 - url is opened
2020-07-05 13:29:48 INFO  TC_LoginDDT_002:19 - ddt user name provided
2020-07-05 13:29:48 INFO  TC_LoginDDT_002:21 - password provided
2020-07-05 13:29:48 INFO  TC_LoginDDT_002:23 - submit button clicked
2020-07-05 13:29:49 WARN  TC_LoginDDT_002:28 - login failed
2020-07-05 13:30:01 INFO  TC_LoginDDT_002:58 - url is opened
2020-07-05 13:30:01 INFO  TC_LoginDDT_002:19 - ddt user name provided
2020-07-05 13:30:02 INFO  TC_LoginDDT_002:21 - password provided
2020-07-05 13:30:02 INFO  TC_LoginDDT_002:23 - submit button clicked
2020-07-05 13:30:02 WARN  TC_LoginDDT_002:28 - login failed
2020-07-05 13:30:15 INFO  TC_LoginDDT_002:58 - url is opened
2020-07-05 13:30:15 INFO  TC_LoginDDT_002:19 - ddt user name provided
2020-07-05 13:30:15 INFO  TC_LoginDDT_002:21 - password provided
2020-07-05 13:30:16 INFO  TC_LoginDDT_002:23 - submit button clicked
2020-07-05 13:30:16 WARN  TC_LoginDDT_002:28 - login failed
2020-07-05 13:43:02 INFO  TC_LoginDDT_002:58 - url is opened
2020-07-05 13:43:02 INFO  TC_LoginDDT_002:19 - ddt user name provided
2020-07-05 13:43:03 INFO  TC_LoginDDT_002:21 - password provided
2020-07-05 13:43:03 INFO  TC_LoginDDT_002:23 - submit button clicked
2020-07-05 13:43:05 INFO  TC_LoginDDT_002:35 - success
2020-07-05 13:43:27 INFO  TC_LoginDDT_002:58 - url is opened
2020-07-05 13:43:27 INFO  TC_LoginDDT_002:19 - ddt user name provided
2020-07-05 13:43:27 INFO  TC_LoginDDT_002:21 - password provided
2020-07-05 13:43:27 INFO  TC_LoginDDT_002:23 - submit button clicked
2020-07-05 13:43:28 WARN  TC_LoginDDT_002:28 - login failed
2020-07-05 13:43:41 INFO  TC_LoginDDT_002:58 - url is opened
2020-07-05 13:43:41 INFO  TC_LoginDDT_002:19 - ddt user name provided
2020-07-05 13:43:41 INFO  TC_LoginDDT_002:21 - password provided
2020-07-05 13:43:41 INFO  TC_LoginDDT_002:23 - submit button clicked
2020-07-05 13:43:42 WARN  TC_LoginDDT_002:28 - login failed
2020-07-05 13:43:56 INFO  TC_LoginDDT_002:58 - url is opened
2020-07-05 13:43:56 INFO  TC_LoginDDT_002:19 - ddt user name provided
2020-07-05 13:43:56 INFO  TC_LoginDDT_002:21 - password provided
2020-07-05 13:43:57 INFO  TC_LoginDDT_002:23 - submit button clicked
2020-07-05 13:43:57 WARN  TC_LoginDDT_002:28 - login failed
2020-07-05 14:08:35 INFO  TC_LoginDDT_002:58 - url is opened
2020-07-05 14:08:35 INFO  TC_LoginDDT_002:19 - ddt user name provided
2020-07-05 14:08:37 INFO  TC_LoginDDT_002:21 - password provided
2020-07-05 14:08:38 INFO  TC_LoginDDT_002:23 - submit button clicked
2020-07-05 14:08:39 INFO  TC_LoginDDT_002:36 - success
2020-07-05 14:09:08 INFO  TC_LoginDDT_002:58 - url is opened
2020-07-05 14:09:08 INFO  TC_LoginDDT_002:19 - ddt user name provided
2020-07-05 14:09:08 INFO  TC_LoginDDT_002:21 - password provided
2020-07-05 14:09:08 INFO  TC_LoginDDT_002:23 - submit button clicked
2020-07-05 14:09:09 WARN  TC_LoginDDT_002:28 - login failed
2020-07-05 14:09:24 INFO  TC_LoginDDT_002:58 - url is opened
2020-07-05 14:09:24 INFO  TC_LoginDDT_002:19 - ddt user name provided
2020-07-05 14:09:24 INFO  TC_LoginDDT_002:21 - password provided
2020-07-05 14:09:24 INFO  TC_LoginDDT_002:23 - submit button clicked
2020-07-05 14:09:25 WARN  TC_LoginDDT_002:28 - login failed
2020-07-05 14:09:37 INFO  TC_LoginDDT_002:58 - url is opened
2020-07-05 14:09:37 INFO  TC_LoginDDT_002:19 - ddt user name provided
2020-07-05 14:09:37 INFO  TC_LoginDDT_002:21 - password provided
2020-07-05 14:09:38 INFO  TC_LoginDDT_002:23 - submit button clicked
2020-07-05 14:09:39 WARN  TC_LoginDDT_002:28 - login failed
2020-07-05 14:15:33 INFO  TC_LoginDDT_002:59 - url is opened
2020-07-05 14:16:03 INFO  TC_LoginDDT_002:59 - url is opened
2020-07-05 14:16:04 INFO  TC_LoginDDT_002:19 - ddt user name provided
2020-07-08 19:23:54 INFO  TC_LoginDDT_002:59 - url is opened
2020-07-08 19:23:54 INFO  TC_LoginDDT_002:19 - ddt user name provided
2020-07-08 19:23:55 INFO  TC_LoginDDT_002:21 - password provided
2020-07-08 19:23:55 INFO  TC_LoginDDT_002:23 - submit button clicked
2020-07-08 19:23:58 INFO  TC_LoginDDT_002:36 - success
2020-07-08 19:24:25 INFO  TC_LoginDDT_002:59 - url is opened
2020-07-08 19:24:25 INFO  TC_LoginDDT_002:19 - ddt user name provided
2020-07-08 19:24:26 INFO  TC_LoginDDT_002:21 - password provided
2020-07-08 19:24:26 INFO  TC_LoginDDT_002:23 - submit button clicked
2020-07-08 19:24:26 WARN  TC_LoginDDT_002:28 - login failed
2020-07-08 19:24:44 INFO  TC_LoginDDT_002:59 - url is opened
2020-07-08 19:24:44 INFO  TC_LoginDDT_002:19 - ddt user name provided
2020-07-08 19:24:44 INFO  TC_LoginDDT_002:21 - password provided
2020-07-08 19:24:44 INFO  TC_LoginDDT_002:23 - submit button clicked
2020-07-08 19:24:45 WARN  TC_LoginDDT_002:28 - login failed
2020-07-08 19:25:03 INFO  TC_LoginDDT_002:59 - url is opened
2020-07-08 19:25:03 INFO  TC_LoginDDT_002:19 - ddt user name provided
2020-07-08 19:25:03 INFO  TC_LoginDDT_002:21 - password provided
2020-07-08 19:25:03 INFO  TC_LoginDDT_002:23 - submit button clicked
2020-07-08 19:25:03 WARN  TC_LoginDDT_002:28 - login failed
